Determining if the pthread_create exist failed with the following output:
Change Dir: /home/cbc/pcl_without_ros/qt/pcl_apps/src/manual_registration/build/CMakeFiles/CMakeTmp

Run Build Command:"/usr/bin/make" "cmTC_b3bfd/fast"
make[1]: Entering directory '/home/cbc/pcl_without_ros/qt/pcl_apps/src/manual_registration/build/CMakeFiles/CMakeTmp'
/usr/bin/make -f CMakeFiles/cmTC_b3bfd.dir/build.make CMakeFiles/cmTC_b3bfd.dir/build
make[2]: Entering directory '/home/cbc/pcl_without_ros/qt/pcl_apps/src/manual_registration/build/CMakeFiles/CMakeTmp'
Building C object CMakeFiles/cmTC_b3bfd.dir/CheckSymbolExists.c.o
/usr/bin/cc     -o CMakeFiles/cmTC_b3bfd.dir/CheckSymbolExists.c.o   -c /home/cbc/pcl_without_ros/qt/pcl_apps/src/manual_registration/build/CMakeFiles/CMakeTmp/CheckSymbolExists.c
Linking C executable cmTC_b3bfd
/usr/bin/cmake -E cmake_link_script CMakeFiles/cmTC_b3bfd.dir/link.txt --verbose=1
/usr/bin/cc       CMakeFiles/cmTC_b3bfd.dir/CheckSymbolExists.c.o  -o cmTC_b3bfd -rdynamic 
CMakeFiles/cmTC_b3bfd.dir/CheckSymbolExists.c.o：在函数‘main’中：
CheckSymbolExists.c:(.text+0x16)：对‘pthread_create’未定义的引用
collect2: error: ld returned 1 exit status
CMakeFiles/cmTC_b3bfd.dir/build.make:97: recipe for target 'cmTC_b3bfd' failed
make[2]: *** [cmTC_b3bfd] Error 1
make[2]: Leaving directory '/home/cbc/pcl_without_ros/qt/pcl_apps/src/manual_registration/build/CMakeFiles/CMakeTmp'
Makefile:126: recipe for target 'cmTC_b3bfd/fast' failed
make[1]: *** [cmTC_b3bfd/fast] Error 2
make[1]: Leaving directory '/home/cbc/pcl_without_ros/qt/pcl_apps/src/manual_registration/build/CMakeFiles/CMakeTmp'

File /home/cbc/pcl_without_ros/qt/pcl_apps/src/manual_registration/build/CMakeFiles/CMakeTmp/CheckSymbolExists.c:
/* */
#include <pthread.h>

int main(int argc, char** argv)
{
  (void)argv;
#ifndef pthread_create
  return ((int*)(&pthread_create))[argc];
#else
  (void)argc;
  return 0;
#endif
}

Determining if the function pthread_create exists in the pthreads failed with the following output:
Change Dir: /home/cbc/pcl_without_ros/qt/pcl_apps/src/manual_registration/build/CMakeFiles/CMakeTmp

Run Build Command:"/usr/bin/make" "cmTC_a04e2/fast"
make[1]: Entering directory '/home/cbc/pcl_without_ros/qt/pcl_apps/src/manual_registration/build/CMakeFiles/CMakeTmp'
/usr/bin/make -f CMakeFiles/cmTC_a04e2.dir/build.make CMakeFiles/cmTC_a04e2.dir/build
make[2]: Entering directory '/home/cbc/pcl_without_ros/qt/pcl_apps/src/manual_registration/build/CMakeFiles/CMakeTmp'
Building C object CMakeFiles/cmTC_a04e2.dir/CheckFunctionExists.c.o
/usr/bin/cc    -DCHECK_FUNCTION_EXISTS=pthread_create   -o CMakeFiles/cmTC_a04e2.dir/CheckFunctionExists.c.o   -c /usr/share/cmake-3.5/Modules/CheckFunctionExists.c
Linking C executable cmTC_a04e2
/usr/bin/cmake -E cmake_link_script CMakeFiles/cmTC_a04e2.dir/link.txt --verbose=1
/usr/bin/cc   -DCHECK_FUNCTION_EXISTS=pthread_create    CMakeFiles/cmTC_a04e2.dir/CheckFunctionExists.c.o  -o cmTC_a04e2 -rdynamic -lpthreads 
/usr/bin/ld: 找不到 -lpthreads
collect2: error: ld returned 1 exit status
CMakeFiles/cmTC_a04e2.dir/build.make:97: recipe for target 'cmTC_a04e2' failed
make[2]: *** [cmTC_a04e2] Error 1
make[2]: Leaving directory '/home/cbc/pcl_without_ros/qt/pcl_apps/src/manual_registration/build/CMakeFiles/CMakeTmp'
Makefile:126: recipe for target 'cmTC_a04e2/fast' failed
make[1]: *** [cmTC_a04e2/fast] Error 2
make[1]: Leaving directory '/home/cbc/pcl_without_ros/qt/pcl_apps/src/manual_registration/build/CMakeFiles/CMakeTmp'


